0 info it worked if it ends with ok
1 verbose cli [ '/usr/local/Cellar/node/7.7.1_1/bin/node',
1 verbose cli   '/usr/local/bin/npm',
1 verbose cli   'test' ]
2 info using npm@4.1.2
3 info using node@v7.7.1
4 verbose stack Error: ENOENT: no such file or directory, open '/Users/cos/space/kale/package.json'
5 verbose cwd /Users/cos/space/kale
6 error Darwin 16.6.0
7 error argv "/usr/local/Cellar/node/7.7.1_1/bin/node" "/usr/local/bin/npm" "test"
8 error node v7.7.1
9 error npm  v4.1.2
10 error path /Users/cos/space/kale/package.json
11 error code ENOENT
12 error errno -2
13 error syscall open
14 error enoent ENOENT: no such file or directory, open '/Users/cos/space/kale/package.json'
15 error enoent ENOENT: no such file or directory, open '/Users/cos/space/kale/package.json'
15 error enoent This is most likely not a problem with npm itself
15 error enoent and is related to npm not being able to find a file.
16 verbose exit [ -2, true ]
